[2026-02-23T23:05:46.2713754-03:00] Inicio GuardarPermisos usuario=4 ids=[6,13,14,10,11,12]
[2026-02-23T23:05:46.4842768-03:00] SaveChanges completado usuario=4
[2026-02-23T23:05:46.4914876-03:00] Acciones guardadas post-save usuario=4: [6,10,11,12,13,14]
[2026-02-23T23:05:58.2319960-03:00] Inicio GuardarPermisos usuario=4 ids=[1,13,14,10,11,12]
[2026-02-23T23:05:58.2924718-03:00] SaveChanges completado usuario=4
[2026-02-23T23:05:58.3010541-03:00] Acciones guardadas post-save usuario=4: [1,10,11,12,13,14]
[2026-02-23T23:06:12.3118727-03:00] Inicio GuardarPermisos usuario=4 ids=[13,14,10,11,12]
[2026-02-23T23:06:12.3358063-03:00] SaveChanges completado usuario=4
[2026-02-23T23:06:12.3414767-03:00] Acciones guardadas post-save usuario=4: [10,11,12,13,14]
[2026-02-23T23:19:22.3190622-03:00] Inicio GuardarPermisos usuario=8 ids=[1,20,21,22,23,24,25,26,27,28,29,13,14,10,11,12]
[2026-02-23T23:19:22.4272529-03:00] SaveChanges completado usuario=8
[2026-02-23T23:19:22.4342265-03:00] Acciones guardadas post-save usuario=8: [1,10,11,12,13,14,20,21,22,23,24,25,26,27,28,29]
[2026-02-24T01:10:15.4002013-03:00] Inicio GuardarPermisos usuario=4 ids=[6,13,14,10,11,12]
[2026-02-24T01:10:15.4968921-03:00] SaveChanges completado usuario=4
[2026-02-24T01:10:15.5031020-03:00] Acciones guardadas post-save usuario=4: [6,10,11,12,13,14]
[2026-02-24T01:10:23.6316266-03:00] Inicio GuardarPermisos usuario=4 ids=[2,6,13,14,10,11,12]
[2026-02-24T01:10:23.6432130-03:00] SaveChanges completado usuario=4
[2026-02-24T01:10:23.6479378-03:00] Acciones guardadas post-save usuario=4: [2,6,10,11,12,13,14]
[2026-02-24T01:10:32.0426040-03:00] Inicio GuardarPermisos usuario=4 ids=[1,2,3,4,5,6,13,14,10,11,12]
[2026-02-24T01:10:32.0658481-03:00] SaveChanges completado usuario=4
[2026-02-24T01:10:32.0696625-03:00] Acciones guardadas post-save usuario=4: [1,2,3,4,5,6,10,11,12,13,14]
[2026-02-24T01:10:49.3107944-03:00] Inicio GuardarPermisos usuario=8 ids=[1,6,20,21,22,23,24,25,26,27,28,29,13,14,10,11,12]
[2026-02-24T01:10:49.3257620-03:00] SaveChanges completado usuario=8
[2026-02-24T01:10:49.3294623-03:00] Acciones guardadas post-save usuario=8: [1,6,10,11,12,13,14,20,21,22,23,24,25,26,27,28,29]
[2026-02-24T01:16:36.2435289-03:00] Inicio GuardarPermisos usuario=8 ids=[1,6,20,26,13,14,10,11,12]
[2026-02-24T01:16:36.3586222-03:00] SaveChanges completado usuario=8
[2026-02-24T01:16:36.3657683-03:00] Acciones guardadas post-save usuario=8: [1,6,10,11,12,13,14,20,26]
[2026-02-24T01:32:37.4907594-03:00] Inicio GuardarPermisos usuario=8 ids=[1,6,30,20,27,28,14,10]
[2026-02-24T01:32:37.6410195-03:00] SaveChanges completado usuario=8
[2026-02-24T01:32:37.6476802-03:00] Acciones guardadas post-save usuario=8: [1,6,10,14,20,27,28,30]
[2026-02-24T01:34:13.7371352-03:00] Inicio GuardarPermisos usuario=8 ids=[1,6,30,20,27,28,14,10]
[2026-02-24T01:34:13.7467334-03:00] SaveChanges completado usuario=8
[2026-02-24T01:34:13.7502649-03:00] Acciones guardadas post-save usuario=8: [1,6,10,14,20,27,28,30]
[2026-02-24T01:45:50.1035476-03:00] Inicio GuardarPermisos usuario=8 ids=[1,6,30,20,27,28,14,10,15]
[2026-02-24T01:45:50.2083463-03:00] SaveChanges completado usuario=8
[2026-02-24T01:45:50.2174826-03:00] Acciones guardadas post-save usuario=8: [1,6,10,14,15,20,27,28,30]
